{
  "RSpec": {
    "coverage": {
      "/Users/student/projects/battle/spec/features/enter_names_spec.rb": [
        1,
        1,
        1,
        1,
        null,
        null
      ],
      "/Users/student/projects/battle/spec/features/play_spec.rb": [
        1,
        1,
        1,
        1,
        null,
        null,
        1,
        1,
        1,
        null,
        null,
        1,
        1,
        1,
        1,
        null,
        null,
        1,
        1,
        1,
        1,
        null,
        null,
        1,
        1,
        3,
        1,
        1,
        null,
        null,
        1,
        1,
        40,
        1,
        null,
        null
      ],
      "/Users/student/projects/battle/spec/game_spec.rb": [
        1,
        null,
        1,
        4,
        4,
        4,
        null,
        1,
        1,
        1,
        null,
        1,
        1,
        1,
        null,
        1,
        1,
        1,
        1,
        null,
        null
      ],
      "/Users/student/projects/battle/spec/player_spec.rb": [
        1,
        null,
        1,
        3,
        1,
        1,
        null,
        1,
        1,
        null,
        null
      ]
    },
    "timestamp": 1566501022
  }
}
